<?xml version="1.0" encoding="UTF-8"?>
<!-- Generated by org.testng.reporters.JUnitReportReporter -->
<testsuite hostname="DESKTOP-K9GEB9M" failures="0" tests="2" name="RestTesting.EcommerceUser" time="16.388" errors="0" timestamp="16 Mar 2022 15:10:16 GMT">
  <testcase classname="RestTesting.EcommerceUser" name="signup" time="10.435"/>
  <testcase classname="RestTesting.EcommerceUser" name="Login" time="5.953"/>
</testsuite> <!-- RestTesting.EcommerceUser -->
