<?xml version="1.0" encoding="UTF-8"?>
<!-- Generated by org.testng.reporters.JUnitReportReporter -->
<testsuite hostname="DESKTOP-K9GEB9M" failures="0" tests="2" name="RestTesting.EcommerceUser" time="12.685" errors="0" timestamp="16 Mar 2022 17:12:12 GMT">
  <testcase classname="RestTesting.EcommerceUser" name="signup" time="7.728"/>
  <testcase classname="RestTesting.EcommerceUser" name="Login" time="4.957"/>
</testsuite> <!-- RestTesting.EcommerceUser -->
