<?xml version="1.0" encoding="UTF-8"?>
<!-- Generated by org.testng.reporters.JUnitReportReporter -->
<testsuite hostname="DESKTOP-K9GEB9M" failures="0" tests="3" name="RestTesting.Trello" time="2.238" errors="0" timestamp="16 Mar 2022 17:12:12 GMT">
  <testcase classname="RestTesting.Trello" name="DeleteBoard" time="0.725"/>
  <testcase classname="RestTesting.Trello" name="getBoard" time="0.593"/>
  <testcase classname="RestTesting.Trello" name="createBoard" time="0.920"/>
</testsuite> <!-- RestTesting.Trello -->
