<?xml version="1.0" encoding="UTF-8"?>
<!-- Generated by org.testng.reporters.JUnitReportReporter -->
<testsuite hostname="DESKTOP-K9GEB9M" failures="0" tests="2" name="RestTesting.TestNg" time="0.011" errors="0" timestamp="14 Mar 2022 15:28:48 GMT">
  <testcase classname="RestTesting.TestNg" name="testcase1" time="0.010"/>
  <testcase classname="RestTesting.TestNg" name="testcase2" time="0.001"/>
</testsuite> <!-- RestTesting.TestNg -->
